#
# There is insufficient memory for the Java Runtime Environment to continue.
# Native memory allocation (malloc) failed to allocate 36816 bytes for Chunk::new
# Possible reasons:
#   The system is out of physical RAM or swap space
#   The process is running with CompressedOops enabled, and the Java Heap may be blocking the growth of the native heap
# Possible solutions:
#   Reduce memory load on the system
#   Increase physical memory or swap space
#   Check if swap backing store is full
#   Decrease Java heap size (-Xmx/-Xms)
#   Decrease number of Java threads
#   Decrease Java thread stack sizes (-Xss)
#   Set larger code cache with -XX:ReservedCodeCacheSize=
#   JVM is running with Zero Based Compressed Oops mode in which the Java heap is
#     placed in the first 32GB address space. The Java Heap base address is the
#     maximum limit for the native heap growth. Please use -XX:HeapBaseMinAddress
#     to set the Java Heap base and to place the Java Heap above 32GB virtual address.
# This output file may be truncated or incomplete.
#
#  Out of Memory Error (allocation.cpp:389), pid=5292, tid=0x0000000000002100
#
# JRE version: Java(TM) SE Runtime Environment (8.0_221-b11) (build 1.8.0_221-b11)
# Java VM: Java HotSpot(TM) 64-Bit Server VM (25.221-b11 mixed mode windows-amd64 compressed oops)
# Failed to write core dump. Minidumps are not enabled by default on client versions of Windows
#

---------------  T H R E A D  ---------------

Current thread (0x000000001a9de000):  JavaThread "C2 CompilerThread1" daemon [_thread_in_native, id=8448, stack(0x000000001b120000,0x000000001b220000)]

Stack: [0x000000001b120000,0x000000001b220000]
[error occurred during error reporting (printing stack bounds), id 0xc0000005]

Native frames: (J=compiled Java code, j=interpreted, Vv=VM code, C=native code)


Current CompileTask:
C2:    208   98       4       java.lang.String::startsWith (72 bytes)


---------------  P R O C E S S  ---------------

Java Threads: ( => current thread )
  0x000000001a9b6000 JavaThread "Service Thread" daemon [_thread_blocked, id=19060, stack(0x000000001b320000,0x000000001b420000)]
  0x000000001a9d6000 JavaThread "C1 CompilerThread2" daemon [_thread_in_native, id=16192, stack(0x000000001b220000,0x000000001b320000)]
=>0x000000001a9de000 JavaThread "C2 CompilerThread1" daemon [_thread_in_native, id=8448, stack(0x000000001b120000,0x000000001b220000)]
  0x000000001a9e1800 JavaThread "C2 CompilerThread0" daemon [_thread_in_native, id=8732, stack(0x000000001b020000,0x000000001b120000)]
  0x000000001a9e0800 JavaThread "Monitor Ctrl-Break" daemon [_thread_in_native, id=15264, stack(0x000000001af20000,0x000000001b020000)]
  0x000000001a928800 JavaThread "Attach Listener" daemon [_thread_blocked, id=10624, stack(0x000000001ae20000,0x000000001af20000)]
  0x00000000195e0800 JavaThread "Signal Dispatcher" daemon [_thread_blocked, id=6092, stack(0x000000001ad20000,0x000000001ae20000)]
  0x00000000029ab800 JavaThread "Finalizer" daemon [_thread_blocked, id=17456, stack(0x000000001a820000,0x000000001a920000)]
  0x00000000029a3000 JavaThread "Reference Handler" daemon [_thread_blocked, id=1476, stack(0x000000001a720000,0x000000001a820000)]
  0x00000000028b2800 JavaThread "main" [_thread_blocked, id=15344, stack(0x00000000026a0000,0x00000000027a0000)]

Other Threads:
  0x0000000019597000 VMThread [stack: 0x000000001a620000,0x000000001a720000] [id=7224]
  0x000000001aa74000 WatcherThread [stack: 0x000000001b420000,0x000000001b520000] [id=13388]

VM state:not at safepoint (normal execution)

VM Mutex/Monitor currently owned by a thread: None

heap address: 0x0000000709200000, size: 2926 MB, Compressed Oops mode: Zero based, Oop shift amount: 3
Narrow klass base: 0x0000000000000000, Narrow klass shift: 3
Compressed class space size: 1073741824 Address: 0x00000007c0000000

Heap:
 PSYoungGen      total 54784K, used 4710K [0x0000000783100000, 0x0000000786e00000, 0x00000007c0000000)
  eden space 47104K, 10% used [0x0000000783100000,0x0000000783599a20,0x0000000785f00000)
  from space 7680K, 0% used [0x0000000786680000,0x0000000786680000,0x0000000786e00000)
  to   space 7680K, 0% used [0x0000000785f00000,0x0000000785f00000,0x0000000786680000)
 ParOldGen       total 125952K, used 0K [0x0000000709200000, 0x0000000710d00000, 0x0000000783100000)
  object space 125952K, 0% used [0x0000000709200000,0x0000000709200000,0x0000000710d00000)
 Metaspace       used 3784K, capacity 4728K, committed 4864K, reserved 1056768K
  class space    used 413K, capacity 424K, committed 512K, reserved 1048576K

Card table byte_map: [0x0000000011d70000,0x0000000012330000] byte_map_base: 0x000000000e527000

Marking Bits: (ParMarkBitMap*) 0x000000006d1f5ce0
 Begin Bits: [0x0000000012b00000, 0x00000000158b8000)
 End Bits:   [0x00000000158b8000, 0x0000000018670000)

Polling page: 0x0000000000620000

CodeCache: size=245760Kb used=1292Kb max_used=1292Kb free=244467Kb
 bounds [0x00000000029b0000, 0x0000000002c20000, 0x00000000119b0000]
 total_blobs=371 nmethods=110 adapters=174
 compilation: enabled

Compilation events (10 events):
Event: 0.198 Thread 0x000000001a9d6000 nmethod 94 0x0000000002aeb0d0 code [0x0000000002aeb280, 0x0000000002aeb9f8]
Event: 0.198 Thread 0x000000001a9d6000   95       3       sun.misc.VM::allowArraySyntax (4 bytes)
Event: 0.198 Thread 0x000000001a9d6000 nmethod 95 0x0000000002ae7450 code [0x0000000002ae75a0, 0x0000000002ae76f0]
Event: 0.198 Thread 0x000000001a9d6000   96       1       java.security.ProtectionDomain::getCodeSource (5 bytes)
Event: 0.198 Thread 0x000000001a9d6000 nmethod 96 0x0000000002aebc90 code [0x0000000002aebde0, 0x0000000002aebef0]
Event: 0.200 Thread 0x000000001a9d6000   97   !   3       java.util.zip.ZipFile::getEntry (101 bytes)
Event: 0.200 Thread 0x000000001a9de000   98       4       java.lang.String::startsWith (72 bytes)
Event: 0.200 Thread 0x000000001a9d6000 nmethod 97 0x0000000002aec150 code [0x0000000002aec320, 0x0000000002aec998]
Event: 0.201 Thread 0x000000001a9d6000   99       3       java.util.concurrent.ConcurrentHashMap::spread (10 bytes)
Event: 0.201 Thread 0x000000001a9d6000 nmethod 99 0x0000000002aecc90 code [0x0000000002aecde0, 0x0000000002aecf30]

GC Heap History (0 events):
No events

Deoptimization events (0 events):
No events

Classes redefined (0 events):
No events

Internal exceptions (6 events):
Event: 0.042 Thread 0x00000000028b2800 Exception <a 'java/lang/NoSuchMethodError': Method sun.misc.Unsafe.defineClass(Ljava/lang/String;[BII)Ljava/lang/Class; name or signature does not match> (0x0000000783107cb8) thrown at [C:\re\workspace\8-2-build-windows-amd64-cygwin\jdk8u221\13320\hotspot
Event: 0.042 Thread 0x00000000028b2800 Exception <a 'java/lang/NoSuchMethodError': Method sun.misc.Unsafe.prefetchRead(Ljava/lang/Object;J)V name or signature does not match> (0x0000000783107fa0) thrown at [C:\re\workspace\8-2-build-windows-amd64-cygwin\jdk8u221\13320\hotspot\src\share\vm\prim
Event: 0.179 Thread 0x00000000028b2800 Exception <a 'java/lang/NoClassDefFoundError': org/slf4j/LoggerFactory> (0x00000007834cbc50) thrown at [C:\re\workspace\8-2-build-windows-amd64-cygwin\jdk8u221\13320\hotspot\src\share\vm\classfile\systemDictionary.cpp, line 199]
Event: 0.181 Thread 0x00000000028b2800 Exception <a 'java/lang/NoClassDefFoundError': org/apache/log4j/Priority> (0x00000007834dba80) thrown at [C:\re\workspace\8-2-build-windows-amd64-cygwin\jdk8u221\13320\hotspot\src\share\vm\classfile\systemDictionary.cpp, line 199]
Event: 0.183 Thread 0x00000000028b2800 Exception <a 'java/lang/NoClassDefFoundError': org/apache/logging/log4j/spi/ExtendedLoggerWrapper> (0x00000007834eb550) thrown at [C:\re\workspace\8-2-build-windows-amd64-cygwin\jdk8u221\13320\hotspot\src\share\vm\classfile\systemDictionary.cpp, line 199]
Event: 0.183 Thread 0x00000000028b2800 Exception <a 'java/lang/NoClassDefFoundError'> (0x00000007834eb550) thrown at [C:\re\workspace\8-2-build-windows-amd64-cygwin\jdk8u221\13320\hotspot\src\share\vm\prims\jvm.cpp, line 1506]

Events (10 events):
Event: 0.197 loading class java/util/logging/LogManager$5
Event: 0.197 loading class java/util/logging/LogManager$5 done
Event: 0.198 loading class io/netty/util/internal/ObjectUtil
Event: 0.198 loading class io/netty/util/internal/ObjectUtil done
Event: 0.199 loading class io/netty/channel/socket/nio/NioServerSocketChannel
Event: 0.199 loading class io/netty/channel/socket/nio/NioServerSocketChannel done
Event: 0.199 loading class io/netty/channel/socket/ServerSocketChannel
Event: 0.199 loading class io/netty/channel/socket/ServerSocketChannel done
Event: 0.200 loading class io/netty/channel/ServerChannel
Event: 0.200 loading class io/netty/channel/ServerChannel done


Dynamic libraries:
0x00007ff78ce00000 - 0x00007ff78ce37000 	D:\java\jdk\jdk1.8.0_221\bin\java.exe
0x00007ffaa5ce0000 - 0x00007ffaa5ed0000 	C:\Windows\SYSTEM32\ntdll.dll
0x00007ffaa5700000 - 0x00007ffaa57b2000 	C:\Windows\System32\KERNEL32.DLL
0x00007ffaa3590000 - 0x00007ffaa3833000 	C:\Windows\System32\KERNELBASE.dll
0x00007ffaa3e90000 - 0x00007ffaa3f33000 	C:\Windows\System32\ADVAPI32.dll
0x00007ffaa4430000 - 0x00007ffaa44ce000 	C:\Windows\System32\msvcrt.dll
0x00007ffaa3d90000 - 0x00007ffaa3e27000 	C:\Windows\System32\sechost.dll
0x00007ffaa45a0000 - 0x00007ffaa46c0000 	C:\Windows\System32\RPCRT4.dll
0x00007ffaa53b0000 - 0x00007ffaa5544000 	C:\Windows\System32\USER32.dll
0x00007ffaa3ae0000 - 0x00007ffaa3b01000 	C:\Windows\System32\win32u.dll
0x00007ffaa3e40000 - 0x00007ffaa3e66000 	C:\Windows\System32\GDI32.dll
0x00007ffaa3bc0000 - 0x00007ffaa3d54000 	C:\Windows\System32\gdi32full.dll
0x00007ffaa34f0000 - 0x00007ffaa358e000 	C:\Windows\System32\msvcp_win.dll
0x00007ffaa33f0000 - 0x00007ffaa34ea000 	C:\Windows\System32\ucrtbase.dll
0x00007ffa970f0000 - 0x00007ffa97375000 	C:\Windows\WinSxS\amd64_microsoft.windows.common-controls_6595b64144ccf1df_6.0.18362.476_none_e6c4b11b130f2595\COMCTL32.dll
0x00007ffaa46c0000 - 0x00007ffaa49f6000 	C:\Windows\System32\combase.dll
0x00007ffaa3840000 - 0x00007ffaa38c0000 	C:\Windows\System32\bcryptPrimitives.dll
0x00007ffaa4a00000 - 0x00007ffaa4a2e000 	C:\Windows\System32\IMM32.DLL
0x000000006d280000 - 0x000000006d352000 	D:\java\jdk\jdk1.8.0_221\jre\bin\msvcr100.dll
0x000000006c9d0000 - 0x000000006d275000 	D:\java\jdk\jdk1.8.0_221\jre\bin\server\jvm.dll
0x00007ffaa56f0000 - 0x00007ffaa56f8000 	C:\Windows\System32\PSAPI.DLL
0x00007ffa9b140000 - 0x00007ffa9b14a000 	C:\Windows\SYSTEM32\VERSION.dll
0x00007ffa99e30000 - 0x00007ffa99e54000 	C:\Windows\SYSTEM32\WINMM.dll
0x00007ffa9e6f0000 - 0x00007ffa9e6f9000 	C:\Windows\SYSTEM32\WSOCK32.dll
0x00007ffaa55b0000 - 0x00007ffaa561f000 	C:\Windows\System32\WS2_32.dll
0x00007ffa99bf0000 - 0x00007ffa99c1d000 	C:\Windows\SYSTEM32\WINMMBASE.dll
0x00007ffaa3b70000 - 0x00007ffaa3bba000 	C:\Windows\System32\cfgmgr32.dll
0x00007ffa9e850000 - 0x00007ffa9e85f000 	D:\java\jdk\jdk1.8.0_221\jre\bin\verify.dll
0x00007ffa9c4e0000 - 0x00007ffa9c509000 	D:\java\jdk\jdk1.8.0_221\jre\bin\java.dll
0x00007ffa996e0000 - 0x00007ffa99703000 	D:\java\jdk\jdk1.8.0_221\jre\bin\instrument.dll
0x00007ffa9a690000 - 0x00007ffa9a6a6000 	D:\java\jdk\jdk1.8.0_221\jre\bin\zip.dll
0x00007ffaa4c50000 - 0x00007ffaa5335000 	C:\Windows\System32\SHELL32.dll
0x00007ffaa57c0000 - 0x00007ffaa5869000 	C:\Windows\System32\shcore.dll
0x00007ffaa2c70000 - 0x00007ffaa33ee000 	C:\Windows\System32\windows.storage.dll
0x00007ffaa2c50000 - 0x00007ffaa2c6f000 	C:\Windows\System32\profapi.dll
0x00007ffaa2bc0000 - 0x00007ffaa2c0a000 	C:\Windows\System32\powrprof.dll
0x00007ffaa2bb0000 - 0x00007ffaa2bc0000 	C:\Windows\System32\UMPDC.dll
0x00007ffaa5c40000 - 0x00007ffaa5c92000 	C:\Windows\System32\shlwapi.dll
0x00007ffaa2c30000 - 0x00007ffaa2c41000 	C:\Windows\System32\kernel.appcore.dll
0x00007ffaa38c0000 - 0x00007ffaa38d7000 	C:\Windows\System32\cryptsp.dll
0x00007ffa975e0000 - 0x00007ffa975fa000 	D:\java\idea\IntelliJ IDEA 2019.2.2\bin\breakgen64.dll
0x00007ffa998d0000 - 0x00007ffa998ea000 	D:\java\jdk\jdk1.8.0_221\jre\bin\net.dll
0x00007ffa969a0000 - 0x00007ffa96b76000 	C:\Windows\SYSTEM32\urlmon.dll
0x00007ffa96500000 - 0x00007ffa967a6000 	C:\Windows\SYSTEM32\iertutil.dll
0x00007ffaa25f0000 - 0x00007ffaa25fc000 	C:\Windows\SYSTEM32\CRYPTBASE.DLL
0x00007ffaa2420000 - 0x00007ffaa2487000 	C:\Windows\system32\mswsock.dll

VM Arguments:
jvm_args: -javaagent:D:\java\idea\IntelliJ IDEA 2019.2.2\lib\idea_rt.jar=57376:D:\java\idea\IntelliJ IDEA 2019.2.2\bin -Dfile.encoding=UTF-8 
java_command: io.netty.example.study.server.Server
java_class_path (initial): D:\java\jdk\jdk1.8.0_221\jre\lib\charsets.jar;D:\java\jdk\jdk1.8.0_221\jre\lib\deploy.jar;D:\java\jdk\jdk1.8.0_221\jre\lib\ext\access-bridge-64.jar;D:\java\jdk\jdk1.8.0_221\jre\lib\ext\cldrdata.jar;D:\java\jdk\jdk1.8.0_221\jre\lib\ext\dnsns.jar;D:\java\jdk\jdk1.8.0_221\jre\lib\ext\jaccess.jar;D:\java\jdk\jdk1.8.0_221\jre\lib\ext\jfxrt.jar;D:\java\jdk\jdk1.8.0_221\jre\lib\ext\localedata.jar;D:\java\jdk\jdk1.8.0_221\jre\lib\ext\nashorn.jar;D:\java\jdk\jdk1.8.0_221\jre\lib\ext\sunec.jar;D:\java\jdk\jdk1.8.0_221\jre\lib\ext\sunjce_provider.jar;D:\java\jdk\jdk1.8.0_221\jre\lib\ext\sunmscapi.jar;D:\java\jdk\jdk1.8.0_221\jre\lib\ext\sunpkcs11.jar;D:\java\jdk\jdk1.8.0_221\jre\lib\ext\zipfs.jar;D:\java\jdk\jdk1.8.0_221\jre\lib\javaws.jar;D:\java\jdk\jdk1.8.0_221\jre\lib\jce.jar;D:\java\jdk\jdk1.8.0_221\jre\lib\jfr.jar;D:\java\jdk\jdk1.8.0_221\jre\lib\jfxswt.jar;D:\java\jdk\jdk1.8.0_221\jre\lib\jsse.jar;D:\java\jdk\jdk1.8.0_221\jre\lib\management-agent.jar;D:\java\jdk\jdk1.8.0_221\jre\lib\plugin.jar;D:\java\jdk\jdk1.8.0_221\jre\lib\resources.jar;D:\java\jdk\jdk1.8.0_221\jre\lib\rt.jar;E:\git\deamo\netty-research\target\classes;C:\Users\16496\.m2\repository\io\netty\netty-all\4.1.39.Final\netty-all-4.1.39.Final.jar;C:\Users\16496\.m2\repository\org\projectlombok\lombok\1.16.18\lombok-1.16.18.jar;C:\Users\16496\.m2\repository\com\google\code\gson\gson\2.8.5\gson-2.8.5.jar;C:\Users\16496\.m2\repository\com\google\guava\guava\19.0\guava-19.0.jar;D:\java\idea\IntelliJ IDEA 2019.2.2\lib\idea_rt.jar
Launcher Type: SUN_STANDARD

Environment Variables:
JAVA_HOME=D:\java\jdk\jdk1.8.0_221
CLASSPATH=.;D:\java\jdk\jdk1.8.0_221\lib;D:\java\jdk\jdk1.8.0_221\lib\tools.jar
PATH=C:\Program Files (x86)\Common Files\Oracle\Java\javapath;C:\Windows\system32;C:\Windows;C:\Windows\System32\Wbem;C:\Windows\System32\WindowsPowerShell\v1.0\;C:\Windows\System32\OpenSSH\;"%JAVA_HOME%\bin;%JAVA_HOME%\jre\bin;";D:\git\Git\cmd;D:\git\Git\bin;D:\git\Git\cmd;C:\Users\16496\AppData\Local\Microsoft\WindowsApps;
USERNAME=lubaijiang
OS=Windows_NT
PROCESSOR_IDENTIFIER=Intel64 Family 6 Model 78 Stepping 3, GenuineIntel



---------------  S Y S T E M  ---------------

OS: Windows 10.0 , 64 bit Build 18362 (10.0.18362.329)

CPU:total 4 (initial active 4) (2 cores per cpu, 2 threads per core) family 6 model 78 stepping 3, cmov, cx8, fxsr, mmx, sse, sse2, sse3, ssse3, sse4.1, sse4.2, popcnt, avx, avx2, aes, clmul, erms, rtm, 3dnowpref, lzcnt, ht, tsc, tscinvbit, bmi1, bmi2, adx

Memory: 4k page, physical 11980156k(3910508k free), swap 18305808k(3064k free)

vm_info: Java HotSpot(TM) 64-Bit Server VM (25.221-b11) for windows-amd64 JRE (1.8.0_221-b11), built on Jul  4 2019 04:39:29 by "java_re" with MS VC++ 10.0 (VS2010)

time: Tue Dec 10 09:46:02 2019
timezone: 中国标准时间
elapsed time: 0 seconds (0d 0h 0m 0s)

